<?xml version="1.0" encoding="UTF-8"?>
<!-- Generated by org.testng.reporters.JUnitXMLReporter -->
<testsuite ignored="0" hostname="WDSCXUYENNT6" failures="1" tests="3" name="Run on Firefox" time="11.286" errors="0" timestamp="06 Apr 2023 07:55:30 GMT">
  <testcase classname="com.nopcommerce.user.Level_02_Apply_BasePage_I" name="TC_01_Register_Empty_Data" time="1.09"/>
  <testcase classname="com.nopcommerce.user.Level_02_Apply_BasePage_I" name="TC_02_Register_Invalid_Email" time="1.358">
    <failure type="org.openqa.selenium.NoSuchElementException" message="Unable to locate element: //span[@id=&amp;apos;Email-error&amp;apos;]
For documentation on this error, please visit: https://www.seleniumhq.org/exceptions/no_such_element.html
Build info: version: &amp;apos;3.141.59&amp;apos;, revision: &amp;apos;e82be7d358&amp;apos;, time: &amp;apos;2018-11-14T08:25:53&amp;apos;
System info: host: &amp;apos;WDSCXUYENNT6&amp;apos;, ip: &amp;apos;172.24.93.10&amp;apos;, os.name: &amp;apos;Windows 10&amp;apos;, os.arch: &amp;apos;amd64&amp;apos;, os.version: &amp;apos;10.0&amp;apos;, java.version: &amp;apos;11.0.14&amp;apos;
Driver info: org.openqa.selenium.firefox.FirefoxDriver
Capabilities {acceptInsecureCerts: true, browserName: firefox, browserVersion: 68.6.0, javascriptEnabled: true, moz:accessibilityChecks: false, moz:buildID: 20200305175243, moz:geckodriverVersion: 0.31.0, moz:headless: false, moz:processID: 39148, moz:profile: C:\Users\Admin\AppData\Loca..., moz:shutdownTimeout: 60000, moz:useNonSpecCompliantPointerOrigin: false, moz:webdriverClick: true, pageLoadStrategy: normal, platform: WINDOWS, platformName: WINDOWS, platformVersion: 10.0, rotatable: false, setWindowRect: true, strictFileInteractability: false, timeouts: {implicit: 0, pageLoad: 300000, script: 30000}, unhandledPromptBehavior: dismiss and notify}
Session ID: ead83098-211c-4b7f-885e-973d228bebae
*** Element info: {Using=xpath, value=//span[@id=&amp;apos;Email-error&amp;apos;]}">
      <![CDATA[org.openqa.selenium.NoSuchElementException: Unable to locate element: //span[@id='Email-error']
For documentation on this error, please visit: https://www.seleniumhq.org/exceptions/no_such_element.html
Build info: version: '3.141.59', revision: 'e82be7d358', time: '2018-11-14T08:25:53'
System info: host: 'WDSCXUYENNT6', ip: '172.24.93.10', os.name: 'Windows 10', os.arch: 'amd64', os.version: '10.0', java.version: '11.0.14'
Driver info: org.openqa.selenium.firefox.FirefoxDriver
Capabilities {acceptInsecureCerts: true, browserName: firefox, browserVersion: 68.6.0, javascriptEnabled: true, moz:accessibilityChecks: false, moz:buildID: 20200305175243, moz:geckodriverVersion: 0.31.0, moz:headless: false, moz:processID: 39148, moz:profile: C:\Users\Admin\AppData\Loca..., moz:shutdownTimeout: 60000, moz:useNonSpecCompliantPointerOrigin: false, moz:webdriverClick: true, pageLoadStrategy: normal, platform: WINDOWS, platformName: WINDOWS, platformVersion: 10.0, rotatable: false, setWindowRect: true, strictFileInteractability: false, timeouts: {implicit: 0, pageLoad: 300000, script: 30000}, unhandledPromptBehavior: dismiss and notify}
Session ID: ead83098-211c-4b7f-885e-973d228bebae
*** Element info: {Using=xpath, value=//span[@id='Email-error']}
at org.openqa.selenium.remote.http.W3CHttpResponseCodec.createException(W3CHttpResponseCodec.java:187)
at org.openqa.selenium.remote.http.W3CHttpResponseCodec.decode(W3CHttpResponseCodec.java:122)
at org.openqa.selenium.remote.http.W3CHttpResponseCodec.decode(W3CHttpResponseCodec.java:49)
at org.openqa.selenium.remote.HttpCommandExecutor.execute(HttpCommandExecutor.java:158)
at org.openqa.selenium.remote.service.DriverCommandExecutor.execute(DriverCommandExecutor.java:83)
at org.openqa.selenium.remote.RemoteWebDriver.execute(RemoteWebDriver.java:552)
at org.openqa.selenium.remote.RemoteWebDriver.findElement(RemoteWebDriver.java:323)
at org.openqa.selenium.remote.RemoteWebDriver.findElementByXPath(RemoteWebDriver.java:428)
at org.openqa.selenium.By$ByXPath.findElement(By.java:353)
at org.openqa.selenium.remote.RemoteWebDriver.findElement(RemoteWebDriver.java:315)
at commons.BasePage.getWebElement(BasePage.java:90)
at commons.BasePage.getElementText(BasePage.java:101)
at com.nopcommerce.user.Level_02_Apply_BasePage_I.TC_02_Register_Invalid_Email(Level_02_Apply_BasePage_I.java:68)
... Removed 29 stack frames]]>
    </failure>
  </testcase> <!-- TC_02_Register_Invalid_Email -->
  <testcase classname="com.nopcommerce.user.Level_02_Apply_BasePage_I" name="TC_03_Register_Success" time="1.592"/>
</testsuite> <!-- Run on Firefox -->
